<?xml version="1.0" encoding="UTF-8"?>
<testng-results skipped="0" failed="0" ignored="0" total="0" passed="0">
  <reporter-output>
  </reporter-output>
  <suite name="com.durgasoft.selenium.selenium_maven.AppTest" duration-ms="0" started-at="2018-08-17T13:53:41Z" finished-at="2018-08-17T13:53:41Z">
    <groups>
    </groups>
    <test name="Command line test" duration-ms="0" started-at="2018-08-17T13:53:41Z" finished-at="2018-08-17T13:53:41Z">
    </test> <!-- Command line test -->
  </suite> <!-- com.durgasoft.selenium.selenium_maven.AppTest -->
</testng-results>
