<?xml version="1.0" encoding="UTF-8"?>
<!-- Generated by org.testng.reporters.JUnitXMLReporter -->
<testsuite hostname="SELENIUM" ignored="0" name="Default test" tests="4" failures="0" timestamp="11 Oct 2018 13:31:21 GMT" time="1.309" errors="0">
  <testcase name="test" time="0.072" classname="excel.MapWithDataProvider"/>
  <testcase name="test" time="0.0" classname="excel.MapWithDataProvider"/>
  <testcase name="test" time="0.016" classname="excel.MapWithDataProvider"/>
  <testcase name="test" time="0.0" classname="excel.MapWithDataProvider"/>
</testsuite> <!-- Default test -->
